<?xml version="1.0" encoding="UTF-8" ?>
<testsuite tests="1" failures="0" name="runnerClass.TestRunner" time="65.829" errors="1" skipped="0">
  <properties>
[...]
</properties>
  <testcase classname="Login" name="Successful Login with Valid Credentials" time="65.829">
    <error message="Expected condition failed: waiting for element to no longer be visible: By.xpath: //*[contains(text(),&apos;Logout&apos;)] (tried for 30 second(s) with 500 milliseconds interval)
Build info: version: &apos;3.141.59&apos;, revision: &apos;e82be7d358&apos;, time: &apos;2018-11-14T08:17:03&apos;
System info: host: &apos;LENOVO-PC&apos;, ip: &apos;192.168.109.1&apos;, os.name: &apos;Windows 8.1&apos;, os.arch: &apos;amd64&apos;, os.version: &apos;6.3&apos;, java.version: &apos;1.8.0_162&apos;
Driver info: org.openqa.selenium.chrome.ChromeDriver
Capabilities {acceptInsecureCerts: false, browserName: chrome, browserVersion: 83.0.4103.61, chrome: {chromedriverVersion: 83.0.4103.39 (ccbf011cb2d2b..., userDataDir: C:\Users\ADMIN\AppData\Loca...}, goog:chromeOptions: {debuggerAddress: localhost:50652}, javascriptEnabled: true, networkConnectionEnabled: false, pageLoadStrategy: normal, platform: WINDOWS, platformName: WINDOWS, proxy: Proxy(), setWindowRect: true, strictFileInteractability: false, timeouts: {implicit: 0, pageLoad: 300000, script: 30000}, unhandledPromptBehavior: dismiss and notify, webauthn:virtualAuthenticators: true}
Session ID: a2176c0808e3f44b7d988bb832526f5f" type="org.openqa.selenium.TimeoutException">org.openqa.selenium.TimeoutException: Expected condition failed: waiting for element to no longer be visible: By.xpath: //*[contains(text(),&apos;Logout&apos;)] (tried for 30 second(s) with 500 milliseconds interval)
Build info: version: &apos;3.141.59&apos;, revision: &apos;e82be7d358&apos;, time: &apos;2018-11-14T08:17:03&apos;
System info: host: &apos;LENOVO-PC&apos;, ip: &apos;192.168.109.1&apos;, os.name: &apos;Windows 8.1&apos;, os.arch: &apos;amd64&apos;, os.version: &apos;6.3&apos;, java.version: &apos;1.8.0_162&apos;
Driver info: org.openqa.selenium.chrome.ChromeDriver
Capabilities {acceptInsecureCerts: false, browserName: chrome, browserVersion: 83.0.4103.61, chrome: {chromedriverVersion: 83.0.4103.39 (ccbf011cb2d2b..., userDataDir: C:\Users\ADMIN\AppData\Loca...}, goog:chromeOptions: {debuggerAddress: localhost:50652}, javascriptEnabled: true, networkConnectionEnabled: false, pageLoadStrategy: normal, platform: WINDOWS, platformName: WINDOWS, proxy: Proxy(), setWindowRect: true, strictFileInteractability: false, timeouts: {implicit: 0, pageLoad: 300000, script: 30000}, unhandledPromptBehavior: dismiss and notify, webauthn:virtualAuthenticators: true}
Session ID: a2176c0808e3f44b7d988bb832526f5f
	at org.openqa.selenium.support.ui.WebDriverWait.timeoutException(WebDriverWait.java:95)
	at org.openqa.selenium.support.ui.FluentWait.until(FluentWait.java:272)
	at pageObjects.LoginPage.clickLogout(LoginPage.java:54)
	at stepDefinitions.Steps.user_click_on_log_out_link(Steps.java:97)
	at ✽.User click on Log out link(file:Features/Login.feature:10)
</error>
    <system-out>Feature: Login

  @sanity
  Scenario: Successful Login with Valid Credentials                        # Features/Login.feature:4
05-23-2020 00:21:24 Steps.java INFO  [main] nopcommerce 52 - ********* Launching browser***************
    Given User Launch Chrome browser                                       # Steps.user_launch_chrome_browser()
05-23-2020 00:21:24 Steps.java INFO  [main] nopcommerce 58 - ********* Opening URL***************
    When User opens URL &quot;http://admin-demo.nopcommerce.com/login&quot;          # Steps.user_opens_url_something(String)
05-23-2020 00:21:29 Steps.java INFO  [main] nopcommerce 65 - ********* Proving user info ***************
    And User enters Email as &quot;admin@yourstore.com&quot; and Password as &quot;admin&quot; # Steps.user_enters_email_as_something_and_password_as_something(String,String)
    And Click on Login                                                     # Steps.click_on_login()
05-23-2020 00:21:50 Steps.java INFO  [main] nopcommerce 79 - *********Login Validation starts ***************
05-23-2020 00:21:50 Steps.java INFO  [main] nopcommerce 88 - *********Login successfull ***************
    Then Page Title should be &quot;Dashboard / nopCommerce administration&quot;     # Steps.page_title_should_be_something(String)
05-23-2020 00:21:55 Steps.java INFO  [main] nopcommerce 96 - *********Logout from application***************
    When User click on Log out link                                        # Steps.user_click_on_log_out_link()
      org.openqa.selenium.TimeoutException: Expected condition failed: waiting for element to no longer be visible: By.xpath: //*[contains(text(),&apos;Logout&apos;)] (tried for 30 second(s) with 500 milliseconds interval)
Build info: version: &apos;3.141.59&apos;, revision: &apos;e82be7d358&apos;, time: &apos;2018-11-14T08:17:03&apos;
System info: host: &apos;LENOVO-PC&apos;, ip: &apos;192.168.109.1&apos;, os.name: &apos;Windows 8.1&apos;, os.arch: &apos;amd64&apos;, os.version: &apos;6.3&apos;, java.version: &apos;1.8.0_162&apos;
Driver info: org.openqa.selenium.chrome.ChromeDriver
Capabilities {acceptInsecureCerts: false, browserName: chrome, browserVersion: 83.0.4103.61, chrome: {chromedriverVersion: 83.0.4103.39 (ccbf011cb2d2b..., userDataDir: C:\Users\ADMIN\AppData\Loca...}, goog:chromeOptions: {debuggerAddress: localhost:50652}, javascriptEnabled: true, networkConnectionEnabled: false, pageLoadStrategy: normal, platform: WINDOWS, platformName: WINDOWS, proxy: Proxy(), setWindowRect: true, strictFileInteractability: false, timeouts: {implicit: 0, pageLoad: 300000, script: 30000}, unhandledPromptBehavior: dismiss and notify, webauthn:virtualAuthenticators: true}
Session ID: a2176c0808e3f44b7d988bb832526f5f
	at org.openqa.selenium.support.ui.WebDriverWait.timeoutException(WebDriverWait.java:95)
	at org.openqa.selenium.support.ui.FluentWait.until(FluentWait.java:272)
	at pageObjects.LoginPage.clickLogout(LoginPage.java:54)
	at stepDefinitions.Steps.user_click_on_log_out_link(Steps.java:97)
	at ?.User click on Log out link(file:Features/Login.feature:10)

    Then Page Title should be &quot;Your store. Login&quot;                          # Steps.page_title_should_be_something(String)
    And close browser                                                      # Steps.close_browser()
</system-out>
    <system-err>Starting ChromeDriver 83.0.4103.39 (ccbf011cb2d2b19b506d844400483861342c20cd-refs/branch-heads/4103@{#416}) on port 43183
Only local connections are allowed.
Please see https://chromedriver.chromium.org/security-considerations for suggestions on keeping ChromeDriver safe.
ChromeDriver was started successfully.
May 23, 2020 12:21:24 AM org.openqa.selenium.remote.ProtocolHandshake createSession
INFO: Detected dialect: W3C
</system-err>
  </testcase>
</testsuite>