<?xml version="1.0" encoding="UTF-8" ?>
<testsuite tests="4" failures="0" name="testRunner.TestRun" time="0.065" errors="0" skipped="4">
  <properties>
[...]
</properties>
  <testcase classname="Customers" name="Add new Customer" time="0.035">
    <skipped/>
    <system-out>Feature: Customers

  Background: backround steps                                              &amp;#27;[90m# Features/Customers.feature:3&amp;#27;[0m
    &amp;#27;[36mGiven &amp;#27;[0m&amp;#27;[36mUser Launch Chrome browser&amp;#27;[0m                                       &amp;#27;[90m# Steps.user_launch_chrome_browser()&amp;#27;[0m
    &amp;#27;[36mWhen &amp;#27;[0m&amp;#27;[36mUser opens URL &quot;&amp;#27;[0m&amp;#27;[36m&amp;#27;[1mhttp://admin-demo.nopcommerce.com/login&amp;#27;[0m&amp;#27;[36m&quot;&amp;#27;[0m          &amp;#27;[90m# Steps.user_opens_url_something(String)&amp;#27;[0m
    &amp;#27;[36mAnd &amp;#27;[0m&amp;#27;[36mUser enters Email as &quot;&amp;#27;[0m&amp;#27;[36m&amp;#27;[1madmin@yourstore.com&amp;#27;[0m&amp;#27;[36m&quot; and Password as &quot;&amp;#27;[0m&amp;#27;[36m&amp;#27;[1madmin&amp;#27;[0m&amp;#27;[36m&quot;&amp;#27;[0m &amp;#27;[90m# Steps.user_enters_email_as_something_and_password_as_something(String,String)&amp;#27;[0m
    &amp;#27;[36mAnd &amp;#27;[0m&amp;#27;[36mClick on Login&amp;#27;[0m                                                     &amp;#27;[90m# Steps.click_on_login()&amp;#27;[0m
    &amp;#27;[36mThen &amp;#27;[0m&amp;#27;[36mUser can view Dashboad&amp;#27;[0m                                            &amp;#27;[90m# Steps.user_can_view_Dashboad()&amp;#27;[0m

  @sanity
  Scenario: Add new Customer                                                                &amp;#27;[90m# Features/Customers.feature:11&amp;#27;[0m
    &amp;#27;[36mWhen &amp;#27;[0m&amp;#27;[36mUser click on customers Menu&amp;#27;[0m                                                       &amp;#27;[90m# Steps.user_click_on_customers_Menu()&amp;#27;[0m
    &amp;#27;[36mAnd &amp;#27;[0m&amp;#27;[36mclick on customers Menu Item&amp;#27;[0m                                                        &amp;#27;[90m# Steps.click_on_customers_Menu_Item()&amp;#27;[0m
    &amp;#27;[36mAnd &amp;#27;[0m&amp;#27;[36mclick on Add new button&amp;#27;[0m                                                             &amp;#27;[90m# Steps.click_on_Add_new_button()&amp;#27;[0m
    &amp;#27;[36mThen &amp;#27;[0m&amp;#27;[36mUser can view Add new customer page&amp;#27;[0m                                                &amp;#27;[90m# Steps.user_can_view_Add_new_customer_page()&amp;#27;[0m
    &amp;#27;[36mWhen &amp;#27;[0m&amp;#27;[36mUser enter customer info&amp;#27;[0m                                                           &amp;#27;[90m# Steps.user_enter_customer_info()&amp;#27;[0m
    &amp;#27;[36mAnd &amp;#27;[0m&amp;#27;[36mclick on Save button&amp;#27;[0m                                                                &amp;#27;[90m# Steps.click_on_Save_button()&amp;#27;[0m
    &amp;#27;[36mThen &amp;#27;[0m&amp;#27;[36mUser can view confirmation message &amp;#27;[0m&amp;#27;[36m&amp;#27;[1m&quot;The new customer has been added successfully.&quot;&amp;#27;[0m &amp;#27;[90m# Steps.user_can_view_confirmation_message(String)&amp;#27;[0m
    &amp;#27;[36mAnd &amp;#27;[0m&amp;#27;[36mclose browser&amp;#27;[0m                                                                       &amp;#27;[90m# Steps.close_browser()&amp;#27;[0m
</system-out>
  </testcase>
  <testcase classname="Customers" name="Search Customer by EMailID" time="0.014">
    <skipped/>
    <system-out>
  Background: backround steps                                              &amp;#27;[90m# Features/Customers.feature:3&amp;#27;[0m
    &amp;#27;[36mGiven &amp;#27;[0m&amp;#27;[36mUser Launch Chrome browser&amp;#27;[0m                                       &amp;#27;[90m# Steps.user_launch_chrome_browser()&amp;#27;[0m
    &amp;#27;[36mWhen &amp;#27;[0m&amp;#27;[36mUser opens URL &quot;&amp;#27;[0m&amp;#27;[36m&amp;#27;[1mhttp://admin-demo.nopcommerce.com/login&amp;#27;[0m&amp;#27;[36m&quot;&amp;#27;[0m          &amp;#27;[90m# Steps.user_opens_url_something(String)&amp;#27;[0m
    &amp;#27;[36mAnd &amp;#27;[0m&amp;#27;[36mUser enters Email as &quot;&amp;#27;[0m&amp;#27;[36m&amp;#27;[1madmin@yourstore.com&amp;#27;[0m&amp;#27;[36m&quot; and Password as &quot;&amp;#27;[0m&amp;#27;[36m&amp;#27;[1madmin&amp;#27;[0m&amp;#27;[36m&quot;&amp;#27;[0m &amp;#27;[90m# Steps.user_enters_email_as_something_and_password_as_something(String,String)&amp;#27;[0m
    &amp;#27;[36mAnd &amp;#27;[0m&amp;#27;[36mClick on Login&amp;#27;[0m                                                     &amp;#27;[90m# Steps.click_on_login()&amp;#27;[0m
    &amp;#27;[36mThen &amp;#27;[0m&amp;#27;[36mUser can view Dashboad&amp;#27;[0m                                            &amp;#27;[90m# Steps.user_can_view_Dashboad()&amp;#27;[0m

  @regression
  Scenario: Search Customer by EMailID               &amp;#27;[90m# Features/Customers.feature:22&amp;#27;[0m
    &amp;#27;[36mWhen &amp;#27;[0m&amp;#27;[36mUser click on customers Menu&amp;#27;[0m                &amp;#27;[90m# Steps.user_click_on_customers_Menu()&amp;#27;[0m
    &amp;#27;[36mAnd &amp;#27;[0m&amp;#27;[36mclick on customers Menu Item&amp;#27;[0m                 &amp;#27;[90m# Steps.click_on_customers_Menu_Item()&amp;#27;[0m
    &amp;#27;[36mAnd &amp;#27;[0m&amp;#27;[36mEnter customer EMail&amp;#27;[0m                         &amp;#27;[90m# Steps.enter_customer_EMail()&amp;#27;[0m
    &amp;#27;[36mWhen &amp;#27;[0m&amp;#27;[36mClick on search button&amp;#27;[0m                      &amp;#27;[90m# Steps.click_on_search_button()&amp;#27;[0m
    &amp;#27;[36mThen &amp;#27;[0m&amp;#27;[36mUser should found Email in the Search table&amp;#27;[0m &amp;#27;[90m# Steps.user_should_found_Email_in_the_Search_table()&amp;#27;[0m
    &amp;#27;[36mAnd &amp;#27;[0m&amp;#27;[36mclose browser&amp;#27;[0m                                &amp;#27;[90m# Steps.close_browser()&amp;#27;[0m
</system-out>
  </testcase>
  <testcase classname="Customers" name="Search Customer by Name" time="0.011">
    <skipped/>
    <system-out>
  Background: backround steps                                              &amp;#27;[90m# Features/Customers.feature:3&amp;#27;[0m
    &amp;#27;[36mGiven &amp;#27;[0m&amp;#27;[36mUser Launch Chrome browser&amp;#27;[0m                                       &amp;#27;[90m# Steps.user_launch_chrome_browser()&amp;#27;[0m
    &amp;#27;[36mWhen &amp;#27;[0m&amp;#27;[36mUser opens URL &quot;&amp;#27;[0m&amp;#27;[36m&amp;#27;[1mhttp://admin-demo.nopcommerce.com/login&amp;#27;[0m&amp;#27;[36m&quot;&amp;#27;[0m          &amp;#27;[90m# Steps.user_opens_url_something(String)&amp;#27;[0m
    &amp;#27;[36mAnd &amp;#27;[0m&amp;#27;[36mUser enters Email as &quot;&amp;#27;[0m&amp;#27;[36m&amp;#27;[1madmin@yourstore.com&amp;#27;[0m&amp;#27;[36m&quot; and Password as &quot;&amp;#27;[0m&amp;#27;[36m&amp;#27;[1madmin&amp;#27;[0m&amp;#27;[36m&quot;&amp;#27;[0m &amp;#27;[90m# Steps.user_enters_email_as_something_and_password_as_something(String,String)&amp;#27;[0m
    &amp;#27;[36mAnd &amp;#27;[0m&amp;#27;[36mClick on Login&amp;#27;[0m                                                     &amp;#27;[90m# Steps.click_on_login()&amp;#27;[0m
    &amp;#27;[36mThen &amp;#27;[0m&amp;#27;[36mUser can view Dashboad&amp;#27;[0m                                            &amp;#27;[90m# Steps.user_can_view_Dashboad()&amp;#27;[0m

  @regression
  Scenario: Search Customer by Name                 &amp;#27;[90m# Features/Customers.feature:31&amp;#27;[0m
    &amp;#27;[36mWhen &amp;#27;[0m&amp;#27;[36mUser click on customers Menu&amp;#27;[0m               &amp;#27;[90m# Steps.user_click_on_customers_Menu()&amp;#27;[0m
    &amp;#27;[36mAnd &amp;#27;[0m&amp;#27;[36mclick on customers Menu Item&amp;#27;[0m                &amp;#27;[90m# Steps.click_on_customers_Menu_Item()&amp;#27;[0m
    &amp;#27;[36mAnd &amp;#27;[0m&amp;#27;[36mEnter customer FirstName&amp;#27;[0m                    &amp;#27;[90m# Steps.enter_customer_FirstName()&amp;#27;[0m
    &amp;#27;[36mAnd &amp;#27;[0m&amp;#27;[36mEnter customer LastName&amp;#27;[0m                     &amp;#27;[90m# Steps.enter_customer_LastName()&amp;#27;[0m
    &amp;#27;[36mWhen &amp;#27;[0m&amp;#27;[36mClick on search button&amp;#27;[0m                     &amp;#27;[90m# Steps.click_on_search_button()&amp;#27;[0m
    &amp;#27;[36mThen &amp;#27;[0m&amp;#27;[36mUser should found Name in the Search table&amp;#27;[0m &amp;#27;[90m# Steps.user_should_found_Name_in_the_Search_table()&amp;#27;[0m
    &amp;#27;[36mAnd &amp;#27;[0m&amp;#27;[36mclose browser&amp;#27;[0m                               &amp;#27;[90m# Steps.close_browser()&amp;#27;[0m
</system-out>
  </testcase>
  <testcase classname="Login" name="Successful Login with Valid Credentials" time="0.005">
    <skipped/>
    <system-out>
Feature: Login

  @sanity
  Scenario: Successful Login with Valid Credentials                        &amp;#27;[90m# Features/Login.feature:4&amp;#27;[0m
    &amp;#27;[36mGiven &amp;#27;[0m&amp;#27;[36mUser Launch Chrome browser&amp;#27;[0m                                       &amp;#27;[90m# Steps.user_launch_chrome_browser()&amp;#27;[0m
    &amp;#27;[36mWhen &amp;#27;[0m&amp;#27;[36mUser opens URL &quot;&amp;#27;[0m&amp;#27;[36m&amp;#27;[1mhttp://admin-demo.nopcommerce.com/login&amp;#27;[0m&amp;#27;[36m&quot;&amp;#27;[0m          &amp;#27;[90m# Steps.user_opens_url_something(String)&amp;#27;[0m
    &amp;#27;[36mAnd &amp;#27;[0m&amp;#27;[36mUser enters Email as &quot;&amp;#27;[0m&amp;#27;[36m&amp;#27;[1madmin@yourstore.com&amp;#27;[0m&amp;#27;[36m&quot; and Password as &quot;&amp;#27;[0m&amp;#27;[36m&amp;#27;[1madmin&amp;#27;[0m&amp;#27;[36m&quot;&amp;#27;[0m &amp;#27;[90m# Steps.user_enters_email_as_something_and_password_as_something(String,String)&amp;#27;[0m
    &amp;#27;[36mAnd &amp;#27;[0m&amp;#27;[36mClick on Login&amp;#27;[0m                                                     &amp;#27;[90m# Steps.click_on_login()&amp;#27;[0m
    &amp;#27;[36mThen &amp;#27;[0m&amp;#27;[36mPage Title should be &quot;&amp;#27;[0m&amp;#27;[36m&amp;#27;[1mDashboard / nopCommerce administration&amp;#27;[0m&amp;#27;[36m&quot;&amp;#27;[0m     &amp;#27;[90m# Steps.page_title_should_be_something(String)&amp;#27;[0m
    &amp;#27;[36mWhen &amp;#27;[0m&amp;#27;[36mUser click on Log out link&amp;#27;[0m                                        &amp;#27;[90m# Steps.user_click_on_log_out_link()&amp;#27;[0m
    &amp;#27;[36mThen &amp;#27;[0m&amp;#27;[36mPage Title should be &quot;&amp;#27;[0m&amp;#27;[36m&amp;#27;[1mYour store. Login&amp;#27;[0m&amp;#27;[36m&quot;&amp;#27;[0m                          &amp;#27;[90m# Steps.page_title_should_be_something(String)&amp;#27;[0m
    &amp;#27;[36mAnd &amp;#27;[0m&amp;#27;[36mclose browser&amp;#27;[0m                                                      &amp;#27;[90m# Steps.close_browser()&amp;#27;[0m
</system-out>
  </testcase>
</testsuite>